#
# There is insufficient memory for the Java Runtime Environment to continue.
# Native memory allocation (malloc) failed to allocate 1048576 bytes for AllocateHeap
# Possible reasons:
#   The system is out of physical RAM or swap space
#   In 32 bit mode, the process size limit was hit
# Possible solutions:
#   Reduce memory load on the system
#   Increase physical memory or swap space
#   Check if swap backing store is full
#   Use 64 bit Java on a 64 bit OS
#   Decrease Java heap size (-Xmx/-Xms)
#   Decrease number of Java threads
#   Decrease Java thread stack sizes (-Xss)
#   Set larger code cache with -XX:ReservedCodeCacheSize=
# This output file may be truncated or incomplete.
#
#  Out of Memory Error (memory/allocation.inline.hpp:61), pid=6208, tid=0x0000000000004aec
#
# JRE version:  (8.0_112-b15) (build )
# Java VM: Java HotSpot(TM) 64-Bit Server VM (25.112-b15 mixed mode windows-amd64 compressed oops)
# Failed to write core dump. Minidumps are not enabled by default on client versions of Windows
#

---------------  T H R E A D  ---------------

Current thread (0x0000000002c82800):  JavaThread "Unknown thread" [_thread_in_vm, id=19180, stack(0x00000000029b0000,0x0000000002ab0000)]

Stack: [0x00000000029b0000,0x0000000002ab0000]
[error occurred during error reporting (printing stack bounds), id 0xc0000005]

Native frames: (J=compiled Java code, j=interpreted, Vv=VM code, C=native code)


---------------  P R O C E S S  ---------------

Java Threads: ( => current thread )

Other Threads:

=>0x0000000002c82800 (exited) JavaThread "Unknown thread" [_thread_in_vm, id=19180, stack(0x00000000029b0000,0x0000000002ab0000)]

VM state:not at safepoint (normal execution)

VM Mutex/Monitor currently owned by a thread: None

Heap:
 PSYoungGen      total 76288K, used 1310K [0x000000076af00000, 0x0000000770400000, 0x00000007c0000000)
  eden space 65536K, 2% used [0x000000076af00000,0x000000076b047af0,0x000000076ef00000)
  from space 10752K, 0% used [0x000000076f980000,0x000000076f980000,0x0000000770400000)
  to   space 10752K, 0% used [0x000000076ef00000,0x000000076ef00000,0x000000076f980000)
 ParOldGen       total 175104K, used 0K [0x00000006c0c00000, 0x00000006cb700000, 0x000000076af00000)
  object space 175104K, 0% used [0x00000006c0c00000,0x00000006c0c00000,0x00000006cb700000)
 Metaspace       used 770K, capacity 4480K, committed 4480K, reserved 1056768K
  class space    used 75K, capacity 384K, committed 384K, reserved 1048576K

Card table byte_map: [0x0000000012140000,0x0000000012940000] byte_map_base: 0x000000000eb3a000

Marking Bits: (ParMarkBitMap*) 0x000000005a6aa6d0
 Begin Bits: [0x00000000136a0000, 0x0000000017670000)
 End Bits:   [0x0000000017670000, 0x000000001b640000)

Polling page: 0x0000000001070000

CodeCache: size=245760Kb used=328Kb max_used=328Kb free=245431Kb
 bounds [0x0000000002d80000, 0x0000000002ff0000, 0x0000000011d80000]
 total_blobs=58 nmethods=0 adapters=38
 compilation: enabled

Compilation events (0 events):
No events

GC Heap History (0 events):
No events

Deoptimization events (0 events):
No events

Internal exceptions (0 events):
No events

Events (10 events):
Event: 0.036 loading class java/lang/Short
Event: 0.036 loading class java/lang/Short done
Event: 0.036 loading class java/lang/Integer
Event: 0.036 loading class java/lang/Integer done
Event: 0.036 loading class java/lang/Long
Event: 0.036 loading class java/lang/Long done
Event: 0.037 loading class java/lang/NullPointerException
Event: 0.037 loading class java/lang/NullPointerException done
Event: 0.037 loading class java/lang/ArithmeticException
Event: 0.037 loading class java/lang/ArithmeticException done


Dynamic libraries:
0x00007ff6f3260000 - 0x00007ff6f3297000 	C:\Program Files\Java\jdk1.8.0_112\bin\java.exe
0x00007ffd71fa0000 - 0x00007ffd72181000 	C:\WINDOWS\SYSTEM32\ntdll.dll
0x00007ffd70f90000 - 0x00007ffd71042000 	C:\WINDOWS\System32\KERNEL32.DLL
0x00007ffd6ece0000 - 0x00007ffd6ef53000 	C:\WINDOWS\System32\KERNELBASE.dll
0x00007ffd71510000 - 0x00007ffd715b1000 	C:\WINDOWS\System32\ADVAPI32.dll
0x00007ffd71dd0000 - 0x00007ffd71e6e000 	C:\WINDOWS\System32\msvcrt.dll
0x00007ffd718c0000 - 0x00007ffd7191b000 	C:\WINDOWS\System32\sechost.dll
0x00007ffd71370000 - 0x00007ffd71494000 	C:\WINDOWS\System32\RPCRT4.dll
0x00007ffd711e0000 - 0x00007ffd71370000 	C:\WINDOWS\System32\USER32.dll
0x00007ffd6f3e0000 - 0x00007ffd6f400000 	C:\WINDOWS\System32\win32u.dll
0x00007ffd71f10000 - 0x00007ffd71f38000 	C:\WINDOWS\System32\GDI32.dll
0x00007ffd6e340000 - 0x00007ffd6e4d2000 	C:\WINDOWS\System32\gdi32full.dll
0x00007ffd6e4e0000 - 0x00007ffd6e57f000 	C:\WINDOWS\System32\msvcp_win.dll
0x00007ffd6f2e0000 - 0x00007ffd6f3d8000 	C:\WINDOWS\System32\ucrtbase.dll
0x00007ffd5c220000 - 0x00007ffd5c489000 	C:\WINDOWS\WinSxS\amd64_microsoft.windows.common-controls_6595b64144ccf1df_6.0.17134.648_none_fb45a0e93062a6d2\COMCTL32.dll
0x00007ffd70c30000 - 0x00007ffd70f52000 	C:\WINDOWS\System32\combase.dll
0x00007ffd6f200000 - 0x00007ffd6f27a000 	C:\WINDOWS\System32\bcryptPrimitives.dll
0x00007ffd711b0000 - 0x00007ffd711dd000 	C:\WINDOWS\System32\IMM32.DLL
0x000000005a730000 - 0x000000005a802000 	C:\Program Files\Java\jdk1.8.0_112\jre\bin\msvcr100.dll
0x0000000059e90000 - 0x000000005a72a000 	C:\Program Files\Java\jdk1.8.0_112\jre\bin\server\jvm.dll
0x00007ffd6f410000 - 0x00007ffd6f418000 	C:\WINDOWS\System32\PSAPI.DLL
0x00007ffd6a290000 - 0x00007ffd6a29a000 	C:\WINDOWS\SYSTEM32\VERSION.dll
0x00007ffd658f0000 - 0x00007ffd658f9000 	C:\WINDOWS\SYSTEM32\WSOCK32.dll
0x00007ffd67210000 - 0x00007ffd67233000 	C:\WINDOWS\SYSTEM32\WINMM.dll
0x00007ffd714a0000 - 0x00007ffd7150c000 	C:\WINDOWS\System32\WS2_32.dll
0x00007ffd671e0000 - 0x00007ffd6720a000 	C:\WINDOWS\SYSTEM32\winmmbase.dll
0x00007ffd6e580000 - 0x00007ffd6e5c9000 	C:\WINDOWS\System32\cfgmgr32.dll
0x000000005c940000 - 0x000000005c94f000 	C:\Program Files\Java\jdk1.8.0_112\jre\bin\verify.dll
0x0000000059e60000 - 0x0000000059e89000 	C:\Program Files\Java\jdk1.8.0_112\jre\bin\java.dll
0x0000000059da0000 - 0x0000000059dc3000 	C:\Program Files\Java\jdk1.8.0_112\jre\bin\instrument.dll
0x0000000059e40000 - 0x0000000059e56000 	C:\Program Files\Java\jdk1.8.0_112\jre\bin\zip.dll

VM Arguments:
jvm_args: -javaagent:C:\Program Files\JetBrains\IntelliJ IDEA Community Edition 2018.3.4\lib\idea_rt.jar=64997:C:\Program Files\JetBrains\IntelliJ IDEA Community Edition 2018.3.4\bin -Dfile.encoding=UTF-8 
java_command: SortBySelection.SortBySelection
java_class_path (initial): C:\Program Files\Java\jdk1.8.0_112\jre\lib\charsets.jar;C:\Program Files\Java\jdk1.8.0_112\jre\lib\deploy.jar;C:\Program Files\Java\jdk1.8.0_112\jre\lib\ext\access-bridge-64.jar;C:\Program Files\Java\jdk1.8.0_112\jre\lib\ext\cldrdata.jar;C:\Program Files\Java\jdk1.8.0_112\jre\lib\ext\dnsns.jar;C:\Program Files\Java\jdk1.8.0_112\jre\lib\ext\jaccess.jar;C:\Program Files\Java\jdk1.8.0_112\jre\lib\ext\jfxrt.jar;C:\Program Files\Java\jdk1.8.0_112\jre\lib\ext\localedata.jar;C:\Program Files\Java\jdk1.8.0_112\jre\lib\ext\nashorn.jar;C:\Program Files\Java\jdk1.8.0_112\jre\lib\ext\sunec.jar;C:\Program Files\Java\jdk1.8.0_112\jre\lib\ext\sunjce_provider.jar;C:\Program Files\Java\jdk1.8.0_112\jre\lib\ext\sunmscapi.jar;C:\Program Files\Java\jdk1.8.0_112\jre\lib\ext\sunpkcs11.jar;C:\Program Files\Java\jdk1.8.0_112\jre\lib\ext\zipfs.jar;C:\Program Files\Java\jdk1.8.0_112\jre\lib\javaws.jar;C:\Program Files\Java\jdk1.8.0_112\jre\lib\jce.jar;C:\Program Files\Java\jdk1.8.0_112\jre\lib\jfr.jar;C:\Program Files\Java\jdk1.8.0_112\jre\lib\jfxswt.jar;C:\Program Files\Java\jdk1.8.0_112\jre\lib\jsse.jar;C:\Program Files\Java\jdk1.8.0_112\jre\lib\management-agent.jar;C:\Program Files\Java\jdk1.8.0_112\jre\lib\plugin.jar;C:\Program Files\Java\jdk1.8.0_112\jre\lib\resources.jar;C:\Program Files\Java\jdk1.8.0_112\jre\lib\rt.jar;C:\Users\Evgeniy\Desktop\Algorithms\out\production\Algorithms;C:\Program Files\JetBrains\IntelliJ IDEA Community Edition 2018.3.4\lib\idea_rt.jar
Launcher Type: SUN_STANDARD

Environment Variables:
JAVA_HOME=C:\Program Files\Java\jdk1.8.0_112
PATH=C:\Program Files (x86)\Common Files\Oracle\Java\javapath;C:\ProgramData\Oracle\Java\javapath;"C:\Program Files\Java\jdk1.8.0_91\bin;C:\Program Files\Java\jdk1.8.0_91\bin;C:\Program Files\Java\jdk1.8.0_112\bin;C:\Program Files\maven\bin;";C:\Program Files\maven;C:\WINDOWS\system32;C:\WINDOWS;C:\WINDOWS\System32\Wbem;C:\WINDOWS\System32\WindowsPowerShell\v1.0\;C:\WINDOWS\System32\OpenSSH\;C:\Program Files (x86)\NVIDIA Corporation\PhysX\Common;C:\Program Files\Git\cmd;C:\Program Files\Git\mingw64\bin;C:\Program Files\Git\usr\bin;C:\Program Files\NVIDIA Corporation\NVIDIA NvDLISR;C:\ProgramData\chocolatey\bin;C:\heroku\bin;C:\Program Files\PostgreSQL\11\bin;%PostgresSQL%\bin;C:\Program Files\PostgreSQL\11\lib;C:\Program Files\maven\bin;C:\Users\Evgeniy\Desktop\heroku\bin
USERNAME=Evgeniy
OS=Windows_NT
PROCESSOR_IDENTIFIER=Intel64 Family 6 Model 60 Stepping 3, GenuineIntel



---------------  S Y S T E M  ---------------

OS: Windows 10.0 , 64 bit Build 17134 (10.0.17134.648)

CPU:total 8 (4 cores per cpu, 2 threads per core) family 6 model 60 stepping 3, cmov, cx8, fxsr, mmx, sse, sse2, sse3, ssse3, sse4.1, sse4.2, popcnt, avx, avx2, aes, clmul, erms, lzcnt, ht, tsc, tscinvbit, bmi1, bmi2

Memory: 4k page, physical 16725560k(1286132k free), swap 19797560k(5628k free)

vm_info: Java HotSpot(TM) 64-Bit Server VM (25.112-b15) for windows-amd64 JRE (1.8.0_112-b15), built on Sep 22 2016 21:31:56 by "java_re" with MS VC++ 10.0 (VS2010)

time: Tue Apr 02 19:02:02 2019
elapsed time: 0 seconds (0d 0h 0m 0s)

